<?xml version="1.0" encoding="UTF-8"?>
<!-- Generated by org.testng.reporters.JUnitReportReporter -->
<testsuite hostname="BLRPC12" failures="0" tests="1" name="com.parameters.Parametertest" time="21.108" errors="0" timestamp="18 Aug 2020 03:24:25 GMT" skipped="0">
  <testcase classname="com.parameters.Parametertest" name="gmaillogintest" time="21.108"/>
</testsuite> <!-- com.parameters.Parametertest -->
