<?xml version="1.0" encoding="UTF-8"?>
<!-- Generated by org.testng.reporters.JUnitReportReporter -->
<testsuite hostname="BLRPC12" failures="0" tests="1" name="com.ssm.testcases.Printpopuppagetest" time="0.000" errors="0" timestamp="28 Oct 2020 08:18:53 GMT" skipped="1">
  <testcase classname="com.ssm.testcases.Printpopuppagetest" name="logionpagetest" time="0.000">
    <skipped/>
  </testcase> <!-- logionpagetest -->
</testsuite> <!-- com.ssm.testcases.Printpopuppagetest -->
